1617464447425:exit
1617464584210:esit
1617464585202:exit
1617464585863:s
1617465533802:request-response
1617466286733:stream
1617466991231:s
1617478557927:request-response
1617478581198:stream
1617478595733:ss
1617478597548:s
1617485991560:request-response
1617488180076:exit
1617488182252:close
1617488262746:create-trade
1617488859264:exit
1617488868556:delete
1617488869449:stop
1617488871258:cancel
1617488873917:shutdown
1617488876234:fockoff
1617488944733:create-task
1617488963313:create-trade
1617489047949:exit
1617489151622:create-trade
1617492208906:exit
1617492237742:create-trade
1617492244387:exit
1617492319183:create-trade
1617492496337:2exit
1617492497695:exit
1617492567342:create-trade
1617493630260:exit
1617493668300:create-trade
1617494023975:exit
1617494157193:create-trade
1617494228863:2exit
1617494231590:exit
1617494279707:create-trade
1617494326990:2stacktrace
1617494330538:stacktrace
1617494338568:create-trade
1617494347297:stacktrace
1617494395812:exit
1617494471677:create-trade
1617494677261:exit
1617494765423:create-trade
1617495102969:exit
1617495138270:create-trade
1617495243302:exit
1617495300141:create-trade
1617495837376:exit
1617495881690:create-trade
1617496057246:exit
1617496100781:create-trade
1617496226625:exit
1617496269855:create-trade
1617496397533:exit
1617496454712:create-trade
1617496622731:exit
1617496694637:create-trade
1617497042870:exit
1617497084571:create-trade
1617497094917:stacktrace
1617497233433:exit
1617497272250:create-trade
1617497802301:exit
1617497843208:create-trade
1617498036383:exit
1617498073477:create-trade
1617498175705:exit
1617498233973:create-trade
1617498511466:exit
1617498553545:create-trade
1617543264304:exit
1617543319236:create-trade
1617543373185:4
1617543374688:exit
1617543435365:create-trade
1617543825633:exit
1617544675740:create-trade
1617545161233:exit
1617545237838:create-trade
1617548225944:exit
1617556533660:create-trade
1617556701178:5
1617556702369:exit
1617556810701:create-trade
1617559634328:exit
1617559698398:create-trade
1617562583449:exit
1617562627185:create-trade
1617562646366:stream
1617563531273:exit
1617563648774:stream
1617563655334:exit
1617565269614:stream
1617566176941:exit
1617566217540:create-trade
1617566480101:exit
1617566509500:create-trade
1617566822768:exit
1617566861096:create-trade
1617567002292:exit
1617567040944:create-trade
1617567120247:exit
1617567161134:create-trade
1617567357535:exit
1617567393149:create-trade
1617567444824:exit
1617567494541:create-trade
1617568015002:exit
1617568068876:create-trade
1617568087501:stream
1617568103082:s
1617568226832:exit
1617568257053:streamAll
1617568390709:exit
1617568434571:streamAll
1617568437033:stream
1617568457782:create-trade
1617568464540:stream
1617568467045:streamAll
1617568514861:exit
1617568551961:streamall
1617568563771:s
1617568566688:streamall
1617570479779:exit
1617570556253:create-trade
1617570564398:stream
1617570572662:5
1617570629259:create-trade
1617570661646:stream
1617570665822:4
1617570713917:stream
1617570721520:6
1617570763213:exit
1617570765970:exit
1617571147293:create-trade
1617571163787:exit
1617571350323:create-trade
1617571424682:exit
1617895713660:streamall
1617895724427:s
1617895732321:request-response
1617896152379:exit
1617896215593:request-response
1617896269887:exit
1617896308762:request-response
1617896489366:exit
1617896530514:request-response
1617896641919:exit
1617896689128:request-response
1617896737870:exit
1617896782463:request-response
1617896999615:exit
1617897054944:request-response
1617897265771:exit
1617897303236:request-response
1617897385868:streamall
1617897397207:s
1617897404038:create-trade
1617897411283:streamall
1617898228642:exit
1617898977025:create-trade
1617899053246:exit
1617900479352:create-trade
1617900583911:exit
1617900628741:create-trade
1617900660489:delete-trade
1617900875368:exit
1617900926258:delete-trade
1617900929573:1
1617900932107:delete-trade
1617901065898:exit
1617901139856:delete-trade
1617901216675:create-trade
1617901355551:a
1617901357330:exit
1617901415583:delete-trade
1617901469877:exit
1617901512992:delete-trade
1617901522090:streamall
1617901550651:create-trade
1617901556152:streamall
1617901663978:create-trade
1617901671325:streamall
1617901688066:s
1617901689380:exit
1617901761868:streamall
1617901771985:s
1617901775346:delete-trade
1617901781332:streamall
1617901937671:exit
1617901997670:streamall
1617902010231:delete-trade
1617902015369:streamall
1617902032273:create-trade
1617902038899:streamall
1617902050090:find-trade
1617902360393:stream
1617902920681:exit
1617902967139:streamall
1617902969656:stream-all
1617902979134:create-trade
1617903011320:streamAll
1617903033253:create-trade
1617903132699:exit
1617903175301:stream-selection
1617903179825:4
1617904390205:exit
1617904447578:stream-selection
1617904462226:create-trade
1617904474380:stream-selection
1617919434703:exit
1617919634092:stream-selection
1617919805833:exit
1617919859151:stream-selection
1617919918914:exit
1617957920449:stream-selection
1617957950169:5s
